-- The C compiler identification is GNU 11.3.0
-- The CXX compiler identification is GNU 11.3.0
-- Detecting C compiler ABI info
-- Detecting C compiler ABI info - done
-- Check for working C compiler: /usr/bin/cc - skipped
-- Detecting C compile features
-- Detecting C compile features - done
-- Detecting CXX compiler ABI info
-- Detecting CXX compiler ABI info - done
-- Check for working CXX compiler: /usr/bin/c++ - skipped
-- Detecting CXX compile features
-- Detecting CXX compile features - done
-- Found ament_cmake: 1.3.4 (/opt/ros/humble/share/ament_cmake/cmake)
-- Found Python3: /usr/bin/python3.10 (found version "3.10.6") found components: Interpreter 
-- Found rclcpp: 16.0.4 (/opt/ros/humble/share/rclcpp/cmake)
-- Found rosidl_generator_c: 3.1.4 (/opt/ros/humble/share/rosidl_generator_c/cmake)
-- Found rosidl_adapter: 3.1.4 (/opt/ros/humble/share/rosidl_adapter/cmake)
-- Found rosidl_generator_cpp: 3.1.4 (/opt/ros/humble/share/rosidl_generator_cpp/cmake)
-- Using all available rosidl_typesupport_c: rosidl_typesupport_fastrtps_c;rosidl_typesupport_introspection_c
-- Using all available rosidl_typesupport_cpp: rosidl_typesupport_fastrtps_cpp;rosidl_typesupport_introspection_cpp
-- Found rmw_implementation_cmake: 6.1.1 (/opt/ros/humble/share/rmw_implementation_cmake/cmake)
-- Found rmw_fastrtps_cpp: 6.2.2 (/opt/ros/humble/share/rmw_fastrtps_cpp/cmake)
-- Found OpenSSL: /usr/lib/x86_64-linux-gnu/libcrypto.so (found version "3.0.2")  
-- Found FastRTPS: /opt/ros/humble/include  
-- Using RMW implementation 'rmw_fastrtps_cpp' as default
-- Looking for pthread.h
-- Looking for pthread.h - found
-- Performing Test CMAKE_HAVE_LIBC_PTHREAD
-- Performing Test CMAKE_HAVE_LIBC_PTHREAD - Success
-- Found Threads: TRUE  
-- Found geometry_msgs: 4.2.3 (/opt/ros/humble/share/geometry_msgs/cmake)
-- Found visualization_msgs: 4.2.3 (/opt/ros/humble/share/visualization_msgs/cmake)
-- Found tf2_ros: 0.25.2 (/opt/ros/humble/share/tf2_ros/cmake)
-- Found ament_lint_auto: 0.12.6 (/opt/ros/humble/share/ament_lint_auto/cmake)
-- Added test 'cppcheck' to perform static code analysis on C / C++ code
-- Configured cppcheck include dirs: /home/khaled/workspace/ros2ws/src/ros2/mas_solarsystem/include
-- Configured cppcheck exclude dirs and/or files: 
-- Added test 'flake8' to check Python code syntax and style conventions
-- Added test 'lint_cmake' to check CMake code style
-- Added test 'pep257' to check Python code against some of the docstring style conventions in PEP 257
-- Added test 'uncrustify' to check C / C++ code style
-- Configured uncrustify additional arguments: 
-- Added test 'xmllint' to check XML markup files
-- Configuring done
-- Generating done
-- Build files have been written to: /home/khaled/workspace/ros2ws/src/ros2/mas_solarsystem/build/mas_solarsystem
[ 33%] [32mBuilding CXX object CMakeFiles/celestial_body_node.dir/src/celestial_body.cpp.o[0m
[ 66%] [32mBuilding CXX object CMakeFiles/celestial_body_node.dir/src/celestial_body_node.cpp.o[0m
[01m[K/home/khaled/workspace/ros2ws/src/ros2/mas_solarsystem/src/celestial_body.cpp:[m[K In constructor â€˜[01m[KCelestialBody::CelestialBody()[m[Kâ€™:
[01m[K/home/khaled/workspace/ros2ws/src/ros2/mas_solarsystem/src/celestial_body.cpp:6:2:[m[K [01;31m[Kerror: [m[Kâ€˜[01m[Korbite_[m[Kâ€™ was not declared in this scope; did you mean â€˜[01m[Kwrite[m[Kâ€™?
    6 |  [01;31m[Korbite_[m[K = this->get_parameter("radus").as_double();
      |  [01;31m[K^~~~~~~[m[K
      |  [32m[Kwrite[m[K
[01m[K/home/khaled/workspace/ros2ws/src/ros2/mas_solarsystem/src/celestial_body.cpp:7:2:[m[K [01;31m[Kerror: [m[Kâ€˜[01m[Kperiode_revolutions_[m[Kâ€™ was not declared in this scope
    7 |  [01;31m[Kperiode_revolutions_[m[K = this->get_parameter("periode_revolutions").as_double();
      |  [01;31m[K^~~~~~~~~~~~~~~~~~~~[m[K
[01m[K/home/khaled/workspace/ros2ws/src/ros2/mas_solarsystem/src/celestial_body.cpp:8:2:[m[K [01;31m[Kerror: [m[Kâ€˜[01m[Krayons_[m[Kâ€™ was not declared in this scope
    8 |  [01;31m[Krayons_[m[K = this->get_parameter("rayons").as_double();
      |  [01;31m[K^~~~~~~[m[K
[01m[K/home/khaled/workspace/ros2ws/src/ros2/mas_solarsystem/src/celestial_body.cpp:9:2:[m[K [01;31m[Kerror: [m[Kâ€˜[01m[Kperiode_rotations_[m[Kâ€™ was not declared in this scope
    9 |  [01;31m[Kperiode_rotations_[m[K = this->get_parameter("periode_rotations").as_double();
      |  [01;31m[K^~~~~~~~~~~~~~~~~~[m[K
[01m[K/home/khaled/workspace/ros2ws/src/ros2/mas_solarsystem/src/celestial_body.cpp:10:2:[m[K [01;31m[Kerror: [m[Kâ€˜[01m[Kparentframe_id_[m[Kâ€™ was not declared in this scope; did you mean â€˜[01m[Kparent_name_[m[Kâ€™?
   10 |  [01;31m[Kparentframe_id_[m[K = this->get_parameter("parentframe_id").as_string();
      |  [01;31m[K^~~~~~~~~~~~~~~[m[K
      |  [32m[Kparent_name_[m[K
[01m[K/home/khaled/workspace/ros2ws/src/ros2/mas_solarsystem/src/celestial_body.cpp:11:2:[m[K [01;31m[Kerror: [m[Kâ€˜[01m[Kchildframe_id_[m[Kâ€™ was not declared in this scope
   11 |  [01;31m[Kchildframe_id_[m[K = this->get_parameter("childframe_id").as_string();
      |  [01;31m[K^~~~~~~~~~~~~~[m[K
[01m[K/home/khaled/workspace/ros2ws/src/ros2/mas_solarsystem/src/celestial_body.cpp:13:2:[m[K [01;31m[Kerror: [m[Kâ€˜[01m[Kmarker[m[Kâ€™ was not declared in this scope
   13 |  [01;31m[Kmarker[m[K.header.frame_id = childframe_id_;
      |  [01;31m[K^~~~~~[m[K
[01m[K/home/khaled/workspace/ros2ws/src/ros2/mas_solarsystem/src/celestial_body.cpp:42:16:[m[K [01;31m[Kerror: [m[Kâ€˜[01m[Kradus_[m[Kâ€™ was not declared in this scope; did you mean â€˜[01m[Kradius_[m[Kâ€™?
   42 |    double xx = [01;31m[Kradus_[m[K * cos(angular_pos_);
      |                [01;31m[K^~~~~~[m[K
      |                [32m[Kradius_[m[K
[01m[K/home/khaled/workspace/ros2ws/src/ros2/mas_solarsystem/src/celestial_body.cpp:42:29:[m[K [01;31m[Kerror: [m[Kâ€˜[01m[Kangular_pos_[m[Kâ€™ was not declared in this scope
   42 |    double xx = radus_ * cos([01;31m[Kangular_pos_[m[K);
      |                             [01;31m[K^~~~~~~~~~~~[m[K
[01m[K/home/khaled/workspace/ros2ws/src/ros2/mas_solarsystem/src/celestial_body.cpp:47:5:[m[K [01;31m[Kerror: [m[Kâ€˜[01m[Ktf2[m[Kâ€™ has not been declared
   47 |     [01;31m[Ktf2[m[K::Quaternion orientation;
      |     [01;31m[K^~~[m[K
[01m[K/home/khaled/workspace/ros2ws/src/ros2/mas_solarsystem/src/celestial_body.cpp:48:5:[m[K [01;31m[Kerror: [m[Kâ€˜[01m[Korientation[m[Kâ€™ was not declared in this scope
   48 |     [01;31m[Korientation[m[K.setRPY(0.0, 0.0, angular_pos_);
      |     [01;31m[K^~~~~~~~~~~[m[K
[01m[K/home/khaled/workspace/ros2ws/src/ros2/mas_solarsystem/src/celestial_body.cpp:50:5:[m[K [01;31m[Kerror: [m[Kâ€˜[01m[Ktransform_[m[Kâ€™ was not declared in this scope
   50 |     [01;31m[Ktransform_[m[K.header.stamp = this->now();
      |     [01;31m[K^~~~~~~~~~[m[K
[01m[K/home/khaled/workspace/ros2ws/src/ros2/mas_solarsystem/src/celestial_body.cpp:53:42:[m[K [01;31m[Kerror: [m[Kâ€˜[01m[Kx[m[Kâ€™ was not declared in this scope; did you mean â€˜[01m[Kxx[m[Kâ€™?
   53 |     transform_.transform.translation.x = [01;31m[Kx[m[K ;
      |                                          [01;31m[K^[m[K
      |                                          [32m[Kxx[m[K
[01m[K/home/khaled/workspace/ros2ws/src/ros2/mas_solarsystem/src/celestial_body.cpp:54:42:[m[K [01;31m[Kerror: [m[Kâ€˜[01m[Ky[m[Kâ€™ was not declared in this scope; did you mean â€˜[01m[Kyn[m[Kâ€™?
   54 |     transform_.transform.translation.y = [01;31m[Ky[m[K;
      |                                          [01;31m[K^[m[K
      |                                          [32m[Kyn[m[K
[01m[K/home/khaled/workspace/ros2ws/src/ros2/mas_solarsystem/src/celestial_body.cpp:55:42:[m[K [01;31m[Kerror: [m[Kâ€˜[01m[Kz[m[Kâ€™ was not declared in this scope; did you mean â€˜[01m[Kzz[m[Kâ€™?
   55 |     transform_.transform.translation.z = [01;31m[Kz[m[K;
      |                                          [01;31m[K^[m[K
      |                                          [32m[Kzz[m[K
[01m[K/home/khaled/workspace/ros2ws/src/ros2/mas_solarsystem/src/celestial_body.cpp:64:2:[m[K [01;31m[Kerror: [m[Kâ€˜[01m[Kmarker_pub_[m[Kâ€™ was not declared in this scope
   64 |  [01;31m[Kmarker_pub_[m[K = this->create_publisher<visualization_msgs::msg::Marker>("marker", 1);
      |  [01;31m[K^~~~~~~~~~~[m[K
[01m[K/home/khaled/workspace/ros2ws/src/ros2/mas_solarsystem/src/celestial_body.cpp:65:2:[m[K [01;31m[Kerror: [m[Kâ€˜[01m[Ktf_broadcaster_[m[Kâ€™ was not declared in this scope
   65 |  [01;31m[Ktf_broadcaster_[m[K =std::make_shared<tf2_ros::TransformBroadcaster>(this);
      |  [01;31m[K^~~~~~~~~~~~~~~[m[K
[01m[K/home/khaled/workspace/ros2ws/src/ros2/mas_solarsystem/src/celestial_body.cpp:65:36:[m[K [01;31m[Kerror: [m[Kâ€˜[01m[Ktf2_ros[m[Kâ€™ was not declared in this scope
   65 |  tf_broadcaster_ =std::make_shared<[01;31m[Ktf2_ros[m[K::TransformBroadcaster>(this);
      |                                    [01;31m[K^~~~~~~[m[K
[01m[K/home/khaled/workspace/ros2ws/src/ros2/mas_solarsystem/src/celestial_body.cpp:65:24:[m[K [01;31m[Kerror: [m[Kparse error in template argument list
   65 |  tf_broadcaster_ =std::[01;31m[Kmake_shared<tf2_ros::TransformBroadcaster>[m[K(this);
      |                        [01;31m[K^~~~~~~~~~~~~~~~~~~~~~~~~~~~~~~~~~~~~~~~~~[m[K
[01m[K/home/khaled/workspace/ros2ws/src/ros2/mas_solarsystem/src/celestial_body.cpp:65:66:[m[K [01;31m[Kerror: [m[Kno matching function for call to â€˜[01m[Kmake_shared<<expression error> >(CelestialBody*)[m[Kâ€™
   65 |  tf_broadcaster_ =[01;31m[Kstd::make_shared<tf2_ros::TransformBroadcaster>(this)[m[K;
      |                   [01;31m[K~~~~~~~~~~~~~~~~~~~~~~~~~~~~~~~~~~~~~~~~~~~~~~~^~~~~~[m[K
In file included from [01m[K/usr/include/c++/11/memory:77[m[K,
                 from [01m[K/opt/ros/humble/include/rclcpp/rclcpp/rclcpp.hpp:153[m[K,
                 from [01m[K/home/khaled/workspace/ros2ws/src/ros2/mas_solarsystem/include/mas_solarsystem/celestial_body.h:4[m[K,
                 from [01m[K/home/khaled/workspace/ros2ws/src/ros2/mas_solarsystem/src/celestial_body.cpp:1[m[K:
[01m[K/usr/include/c++/11/bits/shared_ptr.h:875:5:[m[K [01;36m[Knote: [m[Kcandidate: â€˜[01m[Ktemplate<class _Tp, class ... _Args> std::shared_ptr<_Tp> std::make_shared(_Args&& ...)[m[Kâ€™
  875 |     [01;36m[Kmake_shared[m[K(_Args&&... __args)
      |     [01;36m[K^~~~~~~~~~~[m[K
[01m[K/usr/include/c++/11/bits/shared_ptr.h:875:5:[m[K [01;36m[Knote: [m[K  template argument deduction/substitution failed:
[01m[K/home/khaled/workspace/ros2ws/src/ros2/mas_solarsystem/src/celestial_body.cpp:65:66:[m[K [01;31m[Kerror: [m[Ktemplate argument 1 is invalid
   65 |  tf_broadcaster_ =[01;31m[Kstd::make_shared<tf2_ros::TransformBroadcaster>(this)[m[K;
      |                   [01;31m[K~~~~~~~~~~~~~~~~~~~~~~~~~~~~~~~~~~~~~~~~~~~~~~~^~~~~~[m[K
[01m[K/home/khaled/workspace/ros2ws/src/ros2/mas_solarsystem/src/celestial_body.cpp:66:2:[m[K [01;31m[Kerror: [m[Kâ€˜[01m[Ktimer_pub_[m[Kâ€™ was not declared in this scope; did you mean â€˜[01m[Ktimer_t[m[Kâ€™?
   66 |  [01;31m[Ktimer_pub_[m[K =  this->create_wall_timer(std::chrono::milliseconds(50), std::bind(&CelestialBody::publishMarker, this));
      |  [01;31m[K^~~~~~~~~~[m[K
      |  [32m[Ktimer_t[m[K
[01m[K/home/khaled/workspace/ros2ws/src/ros2/mas_solarsystem/src/celestial_body.cpp:66:97:[m[K [01;31m[Kerror: [m[Kâ€˜[01m[KpublishMarker[m[Kâ€™ is not a member of â€˜[01m[KCelestialBody[m[Kâ€™
   66 |  timer_pub_ =  this->create_wall_timer(std::chrono::milliseconds(50), std::bind(&CelestialBody::[01;31m[KpublishMarker[m[K, this));
      |                                                                                                 [01;31m[K^~~~~~~~~~~~~[m[K
[01m[K/home/khaled/workspace/ros2ws/src/ros2/mas_solarsystem/src/celestial_body.cpp:42:11:[m[K [01;35m[Kwarning: [m[Kunused variable â€˜[01m[Kxx[m[Kâ€™ [[01;35m[K]8;;https://gcc.gnu.org/onlinedocs/gcc/Warning-Options.html#index-Wunused-variable-Wunused-variable]8;;[m[K]
   42 |    double [01;35m[Kxx[m[K = radus_ * cos(angular_pos_);
      |           [01;35m[K^~[m[K
[01m[K/home/khaled/workspace/ros2ws/src/ros2/mas_solarsystem/src/celestial_body.cpp:43:12:[m[K [01;35m[Kwarning: [m[Kunused variable â€˜[01m[Kyy[m[Kâ€™ [[01;35m[K]8;;https://gcc.gnu.org/onlinedocs/gcc/Warning-Options.html#index-Wunused-variable-Wunused-variable]8;;[m[K]
   43 |     double [01;35m[Kyy[m[K = radus_ * sin(angular_pos_);
      |            [01;35m[K^~[m[K
[01m[K/home/khaled/workspace/ros2ws/src/ros2/mas_solarsystem/src/celestial_body.cpp:44:12:[m[K [01;35m[Kwarning: [m[Kunused variable â€˜[01m[Kzz[m[Kâ€™ [[01;35m[K]8;;https://gcc.gnu.org/onlinedocs/gcc/Warning-Options.html#index-Wunused-variable-Wunused-variable]8;;[m[K]
   44 |     double [01;35m[Kzz[m[K = 0.0;
      |            [01;35m[K^~[m[K
[01m[K/home/khaled/workspace/ros2ws/src/ros2/mas_solarsystem/src/celestial_body.cpp:[m[K At global scope:
[01m[K/home/khaled/workspace/ros2ws/src/ros2/mas_solarsystem/src/celestial_body.cpp:70:6:[m[K [01;31m[Kerror: [m[Kno declaration matches â€˜[01m[Kvoid CelestialBody::pubMarkerTransform()[m[Kâ€™
   70 | void [01;31m[KCelestialBody[m[K::pubMarkerTransform()
      |      [01;31m[K^~~~~~~~~~~~~[m[K
[01m[K/home/khaled/workspace/ros2ws/src/ros2/mas_solarsystem/src/celestial_body.cpp:70:6:[m[K [01;36m[Knote: [m[Kno functions named â€˜[01m[Kvoid CelestialBody::pubMarkerTransform()[m[Kâ€™
In file included from [01m[K/home/khaled/workspace/ros2ws/src/ros2/mas_solarsystem/src/celestial_body.cpp:1[m[K:
[01m[K/home/khaled/workspace/ros2ws/src/ros2/mas_solarsystem/include/mas_solarsystem/celestial_body.h:9:7:[m[K [01;36m[Knote: [m[Kâ€˜[01m[Kclass CelestialBody[m[Kâ€™ defined here
    9 | class [01;36m[KCelestialBody[m[K : public rclcpp::Node
      |       [01;36m[K^~~~~~~~~~~~~[m[K
gmake[2]: *** [CMakeFiles/celestial_body_node.dir/build.make:90: CMakeFiles/celestial_body_node.dir/src/celestial_body.cpp.o] Error 1
gmake[1]: *** [CMakeFiles/Makefile2:137: CMakeFiles/celestial_body_node.dir/all] Error 2
gmake: *** [Makefile:146: all] Error 2
