[0.068s] Invoking command in '/home/khaled/workspace/ros2ws/src/ros2/mas_solarsystem/build/mas_solarsystem': CMAKE_PREFIX_PATH=${CMAKE_PREFIX_PATH}:/home/khaled/workspace/ros2ws/install/robot_nano_hand_teleop:/opt/ros/humble /usr/bin/cmake /home/khaled/workspace/ros2ws/src/ros2/mas_solarsystem -DCMAKE_INSTALL_PREFIX=/home/khaled/workspace/ros2ws/src/ros2/mas_solarsystem/install/mas_solarsystem
[0.509s] -- The C compiler identification is GNU 11.3.0
[0.867s] -- The CXX compiler identification is GNU 11.3.0
[0.896s] -- Detecting C compiler ABI info
[1.138s] -- Detecting C compiler ABI info - done
[1.198s] -- Check for working C compiler: /usr/bin/cc - skipped
[1.200s] -- Detecting C compile features
[1.203s] -- Detecting C compile features - done
[1.218s] -- Detecting CXX compiler ABI info
[1.521s] -- Detecting CXX compiler ABI info - done
[1.571s] -- Check for working CXX compiler: /usr/bin/c++ - skipped
[1.572s] -- Detecting CXX compile features
[1.574s] -- Detecting CXX compile features - done
[1.586s] -- Found ament_cmake: 1.3.4 (/opt/ros/humble/share/ament_cmake/cmake)
[2.107s] -- Found Python3: /usr/bin/python3.10 (found version "3.10.6") found components: Interpreter 
[2.428s] -- Found rclcpp: 16.0.4 (/opt/ros/humble/share/rclcpp/cmake)
[2.633s] -- Found rosidl_generator_c: 3.1.4 (/opt/ros/humble/share/rosidl_generator_c/cmake)
[2.665s] -- Found rosidl_adapter: 3.1.4 (/opt/ros/humble/share/rosidl_adapter/cmake)
[2.706s] -- Found rosidl_generator_cpp: 3.1.4 (/opt/ros/humble/share/rosidl_generator_cpp/cmake)
[2.780s] -- Using all available rosidl_typesupport_c: rosidl_typesupport_fastrtps_c;rosidl_typesupport_introspection_c
[2.895s] -- Using all available rosidl_typesupport_cpp: rosidl_typesupport_fastrtps_cpp;rosidl_typesupport_introspection_cpp
[3.316s] -- Found rmw_implementation_cmake: 6.1.1 (/opt/ros/humble/share/rmw_implementation_cmake/cmake)
[3.335s] -- Found rmw_fastrtps_cpp: 6.2.2 (/opt/ros/humble/share/rmw_fastrtps_cpp/cmake)
[3.783s] -- Found OpenSSL: /usr/lib/x86_64-linux-gnu/libcrypto.so (found version "3.0.2")  
[3.886s] -- Found FastRTPS: /opt/ros/humble/include  
[4.073s] -- Using RMW implementation 'rmw_fastrtps_cpp' as default
[4.116s] -- Looking for pthread.h
[4.368s] -- Looking for pthread.h - found
[4.371s] -- Performing Test CMAKE_HAVE_LIBC_PTHREAD
[4.609s] -- Performing Test CMAKE_HAVE_LIBC_PTHREAD - Success
[4.613s] -- Found Threads: TRUE  
[5.751s] -- Found geometry_msgs: 4.2.3 (/opt/ros/humble/share/geometry_msgs/cmake)
[6.057s] -- Found visualization_msgs: 4.2.3 (/opt/ros/humble/share/visualization_msgs/cmake)
[7.907s] -- Found tf2_ros: 0.25.2 (/opt/ros/humble/share/tf2_ros/cmake)
[10.477s] -- Found ament_lint_auto: 0.12.6 (/opt/ros/humble/share/ament_lint_auto/cmake)
[10.759s] -- Added test 'cppcheck' to perform static code analysis on C / C++ code
[10.760s] -- Configured cppcheck include dirs: /home/khaled/workspace/ros2ws/src/ros2/mas_solarsystem/include
[10.760s] -- Configured cppcheck exclude dirs and/or files: 
[10.764s] -- Added test 'flake8' to check Python code syntax and style conventions
[10.774s] -- Added test 'lint_cmake' to check CMake code style
[10.778s] -- Added test 'pep257' to check Python code against some of the docstring style conventions in PEP 257
[10.805s] -- Added test 'uncrustify' to check C / C++ code style
[10.805s] -- Configured uncrustify additional arguments: 
[10.812s] -- Added test 'xmllint' to check XML markup files
[10.817s] -- Configuring done
[10.873s] -- Generating done
[10.890s] -- Build files have been written to: /home/khaled/workspace/ros2ws/src/ros2/mas_solarsystem/build/mas_solarsystem
[10.931s] Invoked command in '/home/khaled/workspace/ros2ws/src/ros2/mas_solarsystem/build/mas_solarsystem' returned '0': CMAKE_PREFIX_PATH=${CMAKE_PREFIX_PATH}:/home/khaled/workspace/ros2ws/install/robot_nano_hand_teleop:/opt/ros/humble /usr/bin/cmake /home/khaled/workspace/ros2ws/src/ros2/mas_solarsystem -DCMAKE_INSTALL_PREFIX=/home/khaled/workspace/ros2ws/src/ros2/mas_solarsystem/install/mas_solarsystem
[10.933s] Invoking command in '/home/khaled/workspace/ros2ws/src/ros2/mas_solarsystem/build/mas_solarsystem': CMAKE_PREFIX_PATH=${CMAKE_PREFIX_PATH}:/home/khaled/workspace/ros2ws/install/robot_nano_hand_teleop:/opt/ros/humble /usr/bin/cmake --build /home/khaled/workspace/ros2ws/src/ros2/mas_solarsystem/build/mas_solarsystem -- -j2 -l2
[11.077s] [ 33%] [32mBuilding CXX object CMakeFiles/celestial_body_node.dir/src/celestial_body.cpp.o[0m
[11.078s] [ 66%] [32mBuilding CXX object CMakeFiles/celestial_body_node.dir/src/celestial_body_node.cpp.o[0m
[26.891s] [01m[K/home/khaled/workspace/ros2ws/src/ros2/mas_solarsystem/src/celestial_body.cpp:[m[K In constructor â€˜[01m[KCelestialBody::CelestialBody()[m[Kâ€™:
[26.899s] [01m[K/home/khaled/workspace/ros2ws/src/ros2/mas_solarsystem/src/celestial_body.cpp:6:2:[m[K [01;31m[Kerror: [m[Kâ€˜[01m[Korbite_[m[Kâ€™ was not declared in this scope; did you mean â€˜[01m[Kwrite[m[Kâ€™?
[26.899s]     6 |  [01;31m[Korbite_[m[K = this->get_parameter("radus").as_double();
[26.900s]       |  [01;31m[K^~~~~~~[m[K
[26.900s]       |  [32m[Kwrite[m[K
[26.900s] [01m[K/home/khaled/workspace/ros2ws/src/ros2/mas_solarsystem/src/celestial_body.cpp:7:2:[m[K [01;31m[Kerror: [m[Kâ€˜[01m[Kperiode_revolutions_[m[Kâ€™ was not declared in this scope
[26.900s]     7 |  [01;31m[Kperiode_revolutions_[m[K = this->get_parameter("periode_revolutions").as_double();
[26.900s]       |  [01;31m[K^~~~~~~~~~~~~~~~~~~~[m[K
[26.920s] [01m[K/home/khaled/workspace/ros2ws/src/ros2/mas_solarsystem/src/celestial_body.cpp:8:2:[m[K [01;31m[Kerror: [m[Kâ€˜[01m[Krayons_[m[Kâ€™ was not declared in this scope
[26.920s]     8 |  [01;31m[Krayons_[m[K = this->get_parameter("rayons").as_double();
[26.920s]       |  [01;31m[K^~~~~~~[m[K
[26.993s] [01m[K/home/khaled/workspace/ros2ws/src/ros2/mas_solarsystem/src/celestial_body.cpp:9:2:[m[K [01;31m[Kerror: [m[Kâ€˜[01m[Kperiode_rotations_[m[Kâ€™ was not declared in this scope
[26.993s]     9 |  [01;31m[Kperiode_rotations_[m[K = this->get_parameter("periode_rotations").as_double();
[26.993s]       |  [01;31m[K^~~~~~~~~~~~~~~~~~[m[K
[27.050s] [01m[K/home/khaled/workspace/ros2ws/src/ros2/mas_solarsystem/src/celestial_body.cpp:10:2:[m[K [01;31m[Kerror: [m[Kâ€˜[01m[Kparentframe_id_[m[Kâ€™ was not declared in this scope; did you mean â€˜[01m[Kparent_name_[m[Kâ€™?
[27.050s]    10 |  [01;31m[Kparentframe_id_[m[K = this->get_parameter("parentframe_id").as_string();
[27.050s]       |  [01;31m[K^~~~~~~~~~~~~~~[m[K
[27.050s]       |  [32m[Kparent_name_[m[K
[27.083s] [01m[K/home/khaled/workspace/ros2ws/src/ros2/mas_solarsystem/src/celestial_body.cpp:11:2:[m[K [01;31m[Kerror: [m[Kâ€˜[01m[Kchildframe_id_[m[Kâ€™ was not declared in this scope
[27.083s]    11 |  [01;31m[Kchildframe_id_[m[K = this->get_parameter("childframe_id").as_string();
[27.084s]       |  [01;31m[K^~~~~~~~~~~~~~[m[K
[27.102s] [01m[K/home/khaled/workspace/ros2ws/src/ros2/mas_solarsystem/src/celestial_body.cpp:13:2:[m[K [01;31m[Kerror: [m[Kâ€˜[01m[Kmarker[m[Kâ€™ was not declared in this scope
[27.102s]    13 |  [01;31m[Kmarker[m[K.header.frame_id = childframe_id_;
[27.103s]       |  [01;31m[K^~~~~~[m[K
[27.121s] [01m[K/home/khaled/workspace/ros2ws/src/ros2/mas_solarsystem/src/celestial_body.cpp:42:16:[m[K [01;31m[Kerror: [m[Kâ€˜[01m[Kradus_[m[Kâ€™ was not declared in this scope; did you mean â€˜[01m[Kradius_[m[Kâ€™?
[27.121s]    42 |    double xx = [01;31m[Kradus_[m[K * cos(angular_pos_);
[27.121s]       |                [01;31m[K^~~~~~[m[K
[27.122s]       |                [32m[Kradius_[m[K
[27.167s] [01m[K/home/khaled/workspace/ros2ws/src/ros2/mas_solarsystem/src/celestial_body.cpp:42:29:[m[K [01;31m[Kerror: [m[Kâ€˜[01m[Kangular_pos_[m[Kâ€™ was not declared in this scope
[27.167s]    42 |    double xx = radus_ * cos([01;31m[Kangular_pos_[m[K);
[27.168s]       |                             [01;31m[K^~~~~~~~~~~~[m[K
[27.168s] [01m[K/home/khaled/workspace/ros2ws/src/ros2/mas_solarsystem/src/celestial_body.cpp:47:5:[m[K [01;31m[Kerror: [m[Kâ€˜[01m[Ktf2[m[Kâ€™ has not been declared
[27.168s]    47 |     [01;31m[Ktf2[m[K::Quaternion orientation;
[27.168s]       |     [01;31m[K^~~[m[K
[27.192s] [01m[K/home/khaled/workspace/ros2ws/src/ros2/mas_solarsystem/src/celestial_body.cpp:48:5:[m[K [01;31m[Kerror: [m[Kâ€˜[01m[Korientation[m[Kâ€™ was not declared in this scope
[27.192s]    48 |     [01;31m[Korientation[m[K.setRPY(0.0, 0.0, angular_pos_);
[27.192s]       |     [01;31m[K^~~~~~~~~~~[m[K
[27.217s] [01m[K/home/khaled/workspace/ros2ws/src/ros2/mas_solarsystem/src/celestial_body.cpp:50:5:[m[K [01;31m[Kerror: [m[Kâ€˜[01m[Ktransform_[m[Kâ€™ was not declared in this scope
[27.218s]    50 |     [01;31m[Ktransform_[m[K.header.stamp = this->now();
[27.218s]       |     [01;31m[K^~~~~~~~~~[m[K
[27.246s] [01m[K/home/khaled/workspace/ros2ws/src/ros2/mas_solarsystem/src/celestial_body.cpp:53:42:[m[K [01;31m[Kerror: [m[Kâ€˜[01m[Kx[m[Kâ€™ was not declared in this scope; did you mean â€˜[01m[Kxx[m[Kâ€™?
[27.247s]    53 |     transform_.transform.translation.x = [01;31m[Kx[m[K ;
[27.247s]       |                                          [01;31m[K^[m[K
[27.247s]       |                                          [32m[Kxx[m[K
[27.261s] [01m[K/home/khaled/workspace/ros2ws/src/ros2/mas_solarsystem/src/celestial_body.cpp:54:42:[m[K [01;31m[Kerror: [m[Kâ€˜[01m[Ky[m[Kâ€™ was not declared in this scope; did you mean â€˜[01m[Kyn[m[Kâ€™?
[27.261s]    54 |     transform_.transform.translation.y = [01;31m[Ky[m[K;
[27.261s]       |                                          [01;31m[K^[m[K
[27.261s]       |                                          [32m[Kyn[m[K
[27.272s] [01m[K/home/khaled/workspace/ros2ws/src/ros2/mas_solarsystem/src/celestial_body.cpp:55:42:[m[K [01;31m[Kerror: [m[Kâ€˜[01m[Kz[m[Kâ€™ was not declared in this scope; did you mean â€˜[01m[Kzz[m[Kâ€™?
[27.273s]    55 |     transform_.transform.translation.z = [01;31m[Kz[m[K;
[27.273s]       |                                          [01;31m[K^[m[K
[27.273s]       |                                          [32m[Kzz[m[K
[27.297s] [01m[K/home/khaled/workspace/ros2ws/src/ros2/mas_solarsystem/src/celestial_body.cpp:64:2:[m[K [01;31m[Kerror: [m[Kâ€˜[01m[Kmarker_pub_[m[Kâ€™ was not declared in this scope
[27.297s]    64 |  [01;31m[Kmarker_pub_[m[K = this->create_publisher<visualization_msgs::msg::Marker>("marker", 1);
[27.298s]       |  [01;31m[K^~~~~~~~~~~[m[K
[27.371s] [01m[K/home/khaled/workspace/ros2ws/src/ros2/mas_solarsystem/src/celestial_body.cpp:65:2:[m[K [01;31m[Kerror: [m[Kâ€˜[01m[Ktf_broadcaster_[m[Kâ€™ was not declared in this scope
[27.371s]    65 |  [01;31m[Ktf_broadcaster_[m[K =std::make_shared<tf2_ros::TransformBroadcaster>(this);
[27.371s]       |  [01;31m[K^~~~~~~~~~~~~~~[m[K
[27.393s] [01m[K/home/khaled/workspace/ros2ws/src/ros2/mas_solarsystem/src/celestial_body.cpp:65:36:[m[K [01;31m[Kerror: [m[Kâ€˜[01m[Ktf2_ros[m[Kâ€™ was not declared in this scope
[27.394s]    65 |  tf_broadcaster_ =std::make_shared<[01;31m[Ktf2_ros[m[K::TransformBroadcaster>(this);
[27.394s]       |                                    [01;31m[K^~~~~~~[m[K
[27.394s] [01m[K/home/khaled/workspace/ros2ws/src/ros2/mas_solarsystem/src/celestial_body.cpp:65:24:[m[K [01;31m[Kerror: [m[Kparse error in template argument list
[27.395s]    65 |  tf_broadcaster_ =std::[01;31m[Kmake_shared<tf2_ros::TransformBroadcaster>[m[K(this);
[27.395s]       |                        [01;31m[K^~~~~~~~~~~~~~~~~~~~~~~~~~~~~~~~~~~~~~~~~~[m[K
[27.395s] [01m[K/home/khaled/workspace/ros2ws/src/ros2/mas_solarsystem/src/celestial_body.cpp:65:66:[m[K [01;31m[Kerror: [m[Kno matching function for call to â€˜[01m[Kmake_shared<<expression error> >(CelestialBody*)[m[Kâ€™
[27.396s]    65 |  tf_broadcaster_ =[01;31m[Kstd::make_shared<tf2_ros::TransformBroadcaster>(this)[m[K;
[27.396s]       |                   [01;31m[K~~~~~~~~~~~~~~~~~~~~~~~~~~~~~~~~~~~~~~~~~~~~~~~^~~~~~[m[K
[27.401s] In file included from [01m[K/usr/include/c++/11/memory:77[m[K,
[27.402s]                  from [01m[K/opt/ros/humble/include/rclcpp/rclcpp/rclcpp.hpp:153[m[K,
[27.402s]                  from [01m[K/home/khaled/workspace/ros2ws/src/ros2/mas_solarsystem/include/mas_solarsystem/celestial_body.h:4[m[K,
[27.402s]                  from [01m[K/home/khaled/workspace/ros2ws/src/ros2/mas_solarsystem/src/celestial_body.cpp:1[m[K:
[27.402s] [01m[K/usr/include/c++/11/bits/shared_ptr.h:875:5:[m[K [01;36m[Knote: [m[Kcandidate: â€˜[01m[Ktemplate<class _Tp, class ... _Args> std::shared_ptr<_Tp> std::make_shared(_Args&& ...)[m[Kâ€™
[27.403s]   875 |     [01;36m[Kmake_shared[m[K(_Args&&... __args)
[27.403s]       |     [01;36m[K^~~~~~~~~~~[m[K
[27.403s] [01m[K/usr/include/c++/11/bits/shared_ptr.h:875:5:[m[K [01;36m[Knote: [m[K  template argument deduction/substitution failed:
[27.404s] [01m[K/home/khaled/workspace/ros2ws/src/ros2/mas_solarsystem/src/celestial_body.cpp:65:66:[m[K [01;31m[Kerror: [m[Ktemplate argument 1 is invalid
[27.404s]    65 |  tf_broadcaster_ =[01;31m[Kstd::make_shared<tf2_ros::TransformBroadcaster>(this)[m[K;
[27.404s]       |                   [01;31m[K~~~~~~~~~~~~~~~~~~~~~~~~~~~~~~~~~~~~~~~~~~~~~~~^~~~~~[m[K
[27.446s] [01m[K/home/khaled/workspace/ros2ws/src/ros2/mas_solarsystem/src/celestial_body.cpp:66:2:[m[K [01;31m[Kerror: [m[Kâ€˜[01m[Ktimer_pub_[m[Kâ€™ was not declared in this scope; did you mean â€˜[01m[Ktimer_t[m[Kâ€™?
[27.447s]    66 |  [01;31m[Ktimer_pub_[m[K =  this->create_wall_timer(std::chrono::milliseconds(50), std::bind(&CelestialBody::publishMarker, this));
[27.447s]       |  [01;31m[K^~~~~~~~~~[m[K
[27.447s]       |  [32m[Ktimer_t[m[K
[27.448s] [01m[K/home/khaled/workspace/ros2ws/src/ros2/mas_solarsystem/src/celestial_body.cpp:66:97:[m[K [01;31m[Kerror: [m[Kâ€˜[01m[KpublishMarker[m[Kâ€™ is not a member of â€˜[01m[KCelestialBody[m[Kâ€™
[27.448s]    66 |  timer_pub_ =  this->create_wall_timer(std::chrono::milliseconds(50), std::bind(&CelestialBody::[01;31m[KpublishMarker[m[K, this));
[27.448s]       |                                                                                                 [01;31m[K^~~~~~~~~~~~~[m[K
[27.454s] [01m[K/home/khaled/workspace/ros2ws/src/ros2/mas_solarsystem/src/celestial_body.cpp:42:11:[m[K [01;35m[Kwarning: [m[Kunused variable â€˜[01m[Kxx[m[Kâ€™ [[01;35m[K]8;;https://gcc.gnu.org/onlinedocs/gcc/Warning-Options.html#index-Wunused-variable-Wunused-variable]8;;[m[K]
[27.454s]    42 |    double [01;35m[Kxx[m[K = radus_ * cos(angular_pos_);
[27.454s]       |           [01;35m[K^~[m[K
[27.454s] [01m[K/home/khaled/workspace/ros2ws/src/ros2/mas_solarsystem/src/celestial_body.cpp:43:12:[m[K [01;35m[Kwarning: [m[Kunused variable â€˜[01m[Kyy[m[Kâ€™ [[01;35m[K]8;;https://gcc.gnu.org/onlinedocs/gcc/Warning-Options.html#index-Wunused-variable-Wunused-variable]8;;[m[K]
[27.454s]    43 |     double [01;35m[Kyy[m[K = radus_ * sin(angular_pos_);
[27.455s]       |            [01;35m[K^~[m[K
[27.455s] [01m[K/home/khaled/workspace/ros2ws/src/ros2/mas_solarsystem/src/celestial_body.cpp:44:12:[m[K [01;35m[Kwarning: [m[Kunused variable â€˜[01m[Kzz[m[Kâ€™ [[01;35m[K]8;;https://gcc.gnu.org/onlinedocs/gcc/Warning-Options.html#index-Wunused-variable-Wunused-variable]8;;[m[K]
[27.455s]    44 |     double [01;35m[Kzz[m[K = 0.0;
[27.455s]       |            [01;35m[K^~[m[K
[27.456s] [01m[K/home/khaled/workspace/ros2ws/src/ros2/mas_solarsystem/src/celestial_body.cpp:[m[K At global scope:
[27.456s] [01m[K/home/khaled/workspace/ros2ws/src/ros2/mas_solarsystem/src/celestial_body.cpp:70:6:[m[K [01;31m[Kerror: [m[Kno declaration matches â€˜[01m[Kvoid CelestialBody::pubMarkerTransform()[m[Kâ€™
[27.457s]    70 | void [01;31m[KCelestialBody[m[K::pubMarkerTransform()
[27.457s]       |      [01;31m[K^~~~~~~~~~~~~[m[K
[27.457s] [01m[K/home/khaled/workspace/ros2ws/src/ros2/mas_solarsystem/src/celestial_body.cpp:70:6:[m[K [01;36m[Knote: [m[Kno functions named â€˜[01m[Kvoid CelestialBody::pubMarkerTransform()[m[Kâ€™
[27.458s] In file included from [01m[K/home/khaled/workspace/ros2ws/src/ros2/mas_solarsystem/src/celestial_body.cpp:1[m[K:
[27.458s] [01m[K/home/khaled/workspace/ros2ws/src/ros2/mas_solarsystem/include/mas_solarsystem/celestial_body.h:9:7:[m[K [01;36m[Knote: [m[Kâ€˜[01m[Kclass CelestialBody[m[Kâ€™ defined here
[27.458s]     9 | class [01;36m[KCelestialBody[m[K : public rclcpp::Node
[27.458s]       |       [01;36m[K^~~~~~~~~~~~~[m[K
[31.512s] gmake[2]: *** [CMakeFiles/celestial_body_node.dir/build.make:90: CMakeFiles/celestial_body_node.dir/src/celestial_body.cpp.o] Error 1
[31.513s] gmake[1]: *** [CMakeFiles/Makefile2:137: CMakeFiles/celestial_body_node.dir/all] Error 2
[31.513s] gmake: *** [Makefile:146: all] Error 2
[31.716s] Invoked command in '/home/khaled/workspace/ros2ws/src/ros2/mas_solarsystem/build/mas_solarsystem' returned '2': CMAKE_PREFIX_PATH=${CMAKE_PREFIX_PATH}:/home/khaled/workspace/ros2ws/install/robot_nano_hand_teleop:/opt/ros/humble /usr/bin/cmake --build /home/khaled/workspace/ros2ws/src/ros2/mas_solarsystem/build/mas_solarsystem -- -j2 -l2
